<?xml version="1.0" encoding="UTF-8"?>
<!-- Generated by org.testng.reporters.JUnitReportReporter -->
<testsuite hostname="Vishwa" failures="0" tests="1" name="testsuite.EE001" time="23.799" errors="0" timestamp="15 Nov 2019 07:47:23 GMT">
  <testcase classname="testsuite.EE001" name="test" time="23.799"/>
</testsuite> <!-- testsuite.EE001 -->
